This is pdfTeX, Version 3.1415926-1.40.10 (TeX Live 2009/Debian) (format=latex 2011.3.24)  13 DEC 2012 16:37
entering extended mode
 %&-line parsing enabled.
**simple.tex
(./simple.tex
LaTeX2e <2009/09/24>
Babel <v3.8l> and hyphenation patterns for english, usenglishmax, dumylang, noh
yphenation, loaded.
(/usr/share/texmf-texlive/tex/latex/base/article.cls
Document Class: article 2007/10/19 v1.4h Standard LaTeX document class
(/usr/share/texmf-texlive/tex/latex/base/size10.clo
File: size10.clo 2007/10/19 v1.4h Standard LaTeX file (size option)
)
\c@part=\count79
\c@section=\count80
\c@subsection=\count81
\c@subsubsection=\count82
\c@paragraph=\count83
\c@subparagraph=\count84
\c@figure=\count85
\c@table=\count86
\abovecaptionskip=\skip41
\belowcaptionskip=\skip42
\bibindent=\dimen102
)
(/usr/share/texmf-texlive/tex/latex/tools/verbatim.sty
Package: verbatim 2003/08/22 v1.5q LaTeX2e package for verbatim enhancements
\every@verbatim=\toks14
\verbatim@line=\toks15
\verbatim@in@stream=\read1
)
(/usr/share/texmf-texlive/tex/latex/amsmath/amsmath.sty
Package: amsmath 2000/07/18 v2.13 AMS math features
\@mathmargin=\skip43

For additional information on amsmath, use the `?' option.
(/usr/share/texmf-texlive/tex/latex/amsmath/amstext.sty
Package: amstext 2000/06/29 v2.01

(/usr/share/texmf-texlive/tex/latex/amsmath/amsgen.sty
File: amsgen.sty 1999/11/30 v2.0
\@emptytoks=\toks16
\ex@=\dimen103
))
(/usr/share/texmf-texlive/tex/latex/amsmath/amsbsy.sty
Package: amsbsy 1999/11/29 v1.2d
\pmbraise@=\dimen104
)
(/usr/share/texmf-texlive/tex/latex/amsmath/amsopn.sty
Package: amsopn 1999/12/14 v2.01 operator names
)
\inf@bad=\count87
LaTeX Info: Redefining \frac on input line 211.
\uproot@=\count88
\leftroot@=\count89
LaTeX Info: Redefining \overline on input line 307.
\classnum@=\count90
\DOTSCASE@=\count91
LaTeX Info: Redefining \ldots on input line 379.
LaTeX Info: Redefining \dots on input line 382.
LaTeX Info: Redefining \cdots on input line 467.
\Mathstrutbox@=\box26
\strutbox@=\box27
\big@size=\dimen105
LaTeX Font Info:    Redeclaring font encoding OML on input line 567.
LaTeX Font Info:    Redeclaring font encoding OMS on input line 568.
\macc@depth=\count92
\c@MaxMatrixCols=\count93
\dotsspace@=\muskip10
\c@parentequation=\count94
\dspbrk@lvl=\count95
\tag@help=\toks17
\row@=\count96
\column@=\count97
\maxfields@=\count98
\andhelp@=\toks18
\eqnshift@=\dimen106
\alignsep@=\dimen107
\tagshift@=\dimen108
\tagwidth@=\dimen109
\totwidth@=\dimen110
\lineht@=\dimen111
\@envbody=\toks19
\multlinegap=\skip44
\multlinetaggap=\skip45
\mathdisplay@stack=\toks20
LaTeX Info: Redefining \[ on input line 2666.
LaTeX Info: Redefining \] on input line 2667.
) (./simple.aux)
\openout1 = `simple.aux'.

LaTeX Font Info:    Checking defaults for OML/cmm/m/it on input line 13.
LaTeX Font Info:    ... okay on input line 13.
LaTeX Font Info:    Checking defaults for T1/cmr/m/n on input line 13.
LaTeX Font Info:    ... okay on input line 13.
LaTeX Font Info:    Checking defaults for OT1/cmr/m/n on input line 13.
LaTeX Font Info:    ... okay on input line 13.
LaTeX Font Info:    Checking defaults for OMS/cmsy/m/n on input line 13.
LaTeX Font Info:    ... okay on input line 13.
LaTeX Font Info:    Checking defaults for OMX/cmex/m/n on input line 13.
LaTeX Font Info:    ... okay on input line 13.
LaTeX Font Info:    Checking defaults for U/cmr/m/n on input line 13.
LaTeX Font Info:    ... okay on input line 13.

Overfull \hbox (27.74675pt too wide) in paragraph at lines 45--45
[]\OT1/cmtt/m/n/10 chammika@lnotes9:[6]$ make clean; make debug # to switch to 
debug build[] 
 []

[1

]
Overfull \hbox (1.49698pt too wide) in paragraph at lines 86--86
[]\OT1/cmtt/m/n/10 chammika@lnotes9:[20]$ ./bin/pagerank ./test/paper_ex_b run 
0.8 20[] 
 []

[2]
Overfull \hbox (64.49643pt too wide) in paragraph at lines 107--107
[]\OT1/cmtt/m/n/10 chammika@lnotes9:[27]$ ./bin/pagerank ./test/paper_ex_a run 
1 20 -e 0.001 -l 1[] 
 []


Overfull \hbox (74.99634pt too wide) in paragraph at lines 108--108
[]\OT1/cmtt/m/n/10 chammika@lnotes9:[24]$ ./bin/pagerank ./test/paper_ex_b run 
0.8 50 -e 0.001 -l 3[] 
 []

[3]
Overfull \hbox (59.24648pt too wide) in paragraph at lines 188--188
[]\OT1/cmtt/m/n/10 for node 'n'in all the nodes except (leak nodes or already m
arked SINK nodes)[] 
 []

[4]
Overfull \hbox (11.99689pt too wide) in paragraph at lines 192--192
[]             \OT1/cmtt/m/n/10 'n' <= NOT_SINK    becasue any node can be reac
hed here[] 
 []


Overfull \hbox (53.99652pt too wide) in paragraph at lines 207--207
[]\OT1/cmtt/m/n/10 1. Fix leak nodes - by adding edges to ALL the nodes pointin
g to a leak node[] 
 []


Overfull \hbox (32.9967pt too wide) in paragraph at lines 208--208
[]\OT1/cmtt/m/n/10 2. Normalize the adjacency matrix - by transforming 1 => d* 
1/#Neighbors[] 
 []


Overfull \hbox (74.99634pt too wide) in paragraph at lines 210--210
[]\OT1/cmtt/m/n/10 4. Initialize ranks of t0, and compute the constant term of 
PageRank ie. (1-d)/N[] 
 []

[5] (./simple.aux) ) 
Here is how much of TeX's memory you used:
 865 strings out of 495062
 9686 string characters out of 1182644
 61971 words of memory out of 3000000
 4095 multiletter control sequences out of 15000+50000
 9230 words of font info for 34 fonts, out of 3000000 for 9000
 28 hyphenation exceptions out of 8191
 27i,8n,20p,202b,251s stack positions out of 5000i,500n,10000p,200000b,50000s

Output written on simple.dvi (5 pages, 14992 bytes).
